<?xml version="1.0" encoding="UTF-8"?>
<testng-results ignored="0" total="1" passed="1" failed="0" skipped="0">
  <reporter-output>
  </reporter-output>
  <suite started-at="2024-12-16T04:35:40 MSK" name="Surefire suite" finished-at="2024-12-16T04:36:02 MSK" duration-ms="21700">
    <groups>
    </groups>
    <test started-at="2024-12-16T04:35:40 MSK" name="Surefire test" finished-at="2024-12-16T04:36:02 MSK" duration-ms="21700">
      <class name="example.BookingTest">
        <test-method signature="bookingTest()[pri:0, instance:example.BookingTest@543588e6]" started-at="2024-12-16T04:35:40 MSK" name="bookingTest" finished-at="2024-12-16T04:36:02 MSK" duration-ms="21600" status="PASS">
          <reporter-output>
          </reporter-output>
        </test-method> <!-- bookingTest -->
      </class> <!-- example.BookingTest -->
    </test> <!-- Surefire test -->
  </suite> <!-- Surefire suite -->
</testng-results>
